<?xml version="1.0" encoding="UTF-8"?>
<!-- Generated by org.testng.reporters.JUnitXMLReporter -->
<testsuite hostname="ICPL10357" ignored="1" name="BDD Test" tests="1" failures="0" timestamp="12 Dec 2017 09:44:05 GMT" time="87.298" errors="0">
  <testcase name="AddTwoNumbersFromCsvFile" time="82.548" classname="com.qmetry.qaf.automation.step.client.DataDrivenScenario"/>
  <testcase name="AddTwoNumbersFromCsvFile" time="0.0" classname="com.qmetry.qaf.automation.step.client.DataDrivenScenario">
    <ignored/>
  </testcase> <!-- AddTwoNumbersFromCsvFile -->
</testsuite> <!-- BDD Test -->
