<?xml version="1.0" encoding="UTF-8"?>
<!-- Generated by org.testng.reporters.JUnitXMLReporter -->
<testsuite hostname="ICPL10357" ignored="1" name="BDD Test" tests="1" failures="0" timestamp="11 Dec 2017 11:33:35 GMT" time="0.725" errors="0">
  <testcase name="AddTwoNumbersFromXmlFile" time="0.587" classname="com.qmetry.qaf.automation.step.client.DataDrivenScenario">
    <skipped/>
  </testcase> <!-- AddTwoNumbersFromXmlFile -->
  <testcase name="AddTwoNumbersFromXmlFile" time="0.0" classname="com.qmetry.qaf.automation.step.client.DataDrivenScenario">
    <ignored/>
  </testcase> <!-- AddTwoNumbersFromXmlFile -->
</testsuite> <!-- BDD Test -->
