<?xml version="1.0" encoding="UTF-8"?>
<!-- Generated by org.testng.reporters.JUnitXMLReporter -->
<testsuite hostname="ICPL10357" ignored="1" name="BDD Test" tests="1" failures="1" timestamp="23 Oct 2017 14:18:06 GMT" time="59.669" errors="0">
  <testcase name="AddWithXml" time="53.283" classname="com.qmetry.qaf.automation.step.client.DataDrivenScenario">
    <failure/>
  </testcase> <!-- AddWithXml -->
  <testcase name="AddWithXml" time="0.0" classname="com.qmetry.qaf.automation.step.client.DataDrivenScenario">
    <ignored/>
  </testcase> <!-- AddWithXml -->
</testsuite> <!-- BDD Test -->
