-------------------------------------------------------------------------------
Test set: TestSuite
-------------------------------------------------------------------------------
Tests run: 1, Failures: 1, Errors: 0, Skipped: 0, Time elapsed: 40.668 sec <<< FAILURE!
AddTwoNumbersFromCsvFile(com.qmetry.qaf.automation.step.client.DataDrivenScenario)  Time elapsed: 33.523 sec  <<< FAILURE!
java.lang.NoSuchMethodError: io.appium.java_client.MultiTouchAction.<init>(Lio/appium/java_client/PerformsTouchActions;)V
	at .And longPress on '720' '1120' for '4000' duration(scenarios/AdditionCSV.bdd:7)
	at com.qmetry.qaf.automation.step.AppiumSteps.longPress(AppiumSteps.java:131)
	at com.qmetry.qaf.automation.step.JavaStep.doExecute(JavaStep.java:160)
	at com.qmetry.qaf.automation.step.BaseTestStep.execute(BaseTestStep.java:149)
	at com.qmetry.qaf.automation.step.StringTestStep.execute(StringTestStep.java:134)
	at com.qmetry.qaf.automation.step.client.Scenario.execute(Scenario.java:167)
	at com.qmetry.qaf.automation.step.client.DataDrivenScenario.scenario(DataDrivenScenario.java:95)
	at org.apache.maven.surefire.testng.TestNGExecutor.run(TestNGExecutor.java:122)
	at org.apache.maven.surefire.testng.TestNGXmlTestSuite.execute(TestNGXmlTestSuite.java:92)
	at org.apache.maven.surefire.testng.TestNGProvider.invoke(TestNGProvider.java:101)
	at org.apache.maven.surefire.util.ReflectionUtils.invokeMethodWithArray(ReflectionUtils.java:164)
	at org.apache.maven.surefire.booter.ProviderFactory$ProviderProxy.invoke(ProviderFactory.java:110)
	at org.apache.maven.surefire.booter.SurefireStarter.invokeProvider(SurefireStarter.java:172)
	at org.apache.maven.surefire.booter.SurefireStarter.runSuitesInProcessWhenForked(SurefireStarter.java:104)
	at org.apache.maven.surefire.booter.ForkedBooter.main(ForkedBooter.java:70)
