<?xml version="1.0" encoding="UTF-8"?>
<!-- Generated by org.testng.reporters.JUnitXMLReporter -->
<testsuite hostname="ICPL10357" ignored="1" name="BDD Test" tests="1" failures="1" timestamp="23 Oct 2017 10:07:27 GMT" time="53.452" errors="0">
  <testcase name="AddUsingCSV" time="50.256" classname="com.qmetry.qaf.automation.step.client.DataDrivenScenario">
    <failure/>
  </testcase> <!-- AddUsingCSV -->
  <testcase name="AddUsingCSV" time="0.0" classname="com.qmetry.qaf.automation.step.client.DataDrivenScenario">
    <ignored/>
  </testcase> <!-- AddUsingCSV -->
</testsuite> <!-- BDD Test -->
