<?xml version="1.0" encoding="UTF-8"?>
<!-- Generated by org.testng.reporters.JUnitXMLReporter -->
<testsuite hostname="ICPL10357" ignored="1" name="BDD Test" tests="1" failures="1" timestamp="11 Dec 2017 12:48:15 GMT" time="38.414" errors="0">
  <testcase name="AddTwoNumbersFromCsvFile" time="31.26" classname="com.qmetry.qaf.automation.step.client.DataDrivenScenario">
    <failure type="java.lang.NoSuchMethodError" message="io.appium.java_client.MultiTouchAction.&amp;lt;init&amp;gt;(Lio/appium/java_client/PerformsTouchActions;)V">
      <![CDATA[java.lang.NoSuchMethodError: io.appium.java_client.MultiTouchAction.<init>(Lio/appium/java_client/PerformsTouchActions;)V
	at .And longPress on '720' '1120' for '4000' duration(scenarios/AdditionCSV.bdd:7)
	at com.qmetry.qaf.automation.step.AppiumSteps.longPress(AppiumSteps.java:131)
	at com.qmetry.qaf.automation.step.JavaStep.doExecute(JavaStep.java:160)
	at com.qmetry.qaf.automation.step.BaseTestStep.execute(BaseTestStep.java:149)
	at com.qmetry.qaf.automation.step.StringTestStep.execute(StringTestStep.java:134)
	at com.qmetry.qaf.automation.step.client.Scenario.execute(Scenario.java:167)
	at com.qmetry.qaf.automation.step.client.DataDrivenScenario.scenario(DataDrivenScenario.java:95)
... Removed 8 stack frames]]>
    </failure>
  </testcase> <!-- AddTwoNumbersFromCsvFile -->
  <testcase name="AddTwoNumbersFromCsvFile" time="0.0" classname="com.qmetry.qaf.automation.step.client.DataDrivenScenario">
    <ignored/>
  </testcase> <!-- AddTwoNumbersFromCsvFile -->
</testsuite> <!-- BDD Test -->
